  TriangleMesh.cpp
f:\研一下\path tracing\ray_tracing-duan\ray_tracing\ray_tracing\geometry.h(61): error C2953: “Vec2”: 类模板已经定义
  f:\研一下\path tracing\ray_tracing-duan\ray_tracing\ray_tracing\geometry.h(38): note: 参见“Vec2”的声明
f:\研一下\path tracing\ray_tracing-duan\ray_tracing\ray_tracing\geometry.h(63): error C2371: “Vec2f”: 重定义；不同的基类型
  f:\研一下\path tracing\ray_tracing-duan\ray_tracing\ray_tracing\geometry.h(63): note: 参见“Vec2f”的声明
f:\研一下\path tracing\ray_tracing-duan\ray_tracing\ray_tracing\geometry.h(64): error C2371: “Vec2i”: 重定义；不同的基类型
  f:\研一下\path tracing\ray_tracing-duan\ray_tracing\ray_tracing\geometry.h(64): note: 参见“Vec2i”的声明
f:\研一下\path tracing\ray_tracing-duan\ray_tracing\ray_tracing\geometry.h(144): error C2953: “Vec3”: 类模板已经定义
  f:\研一下\path tracing\ray_tracing-duan\ray_tracing\ray_tracing\geometry.h(76): note: 参见“Vec3”的声明
f:\研一下\path tracing\ray_tracing-duan\ray_tracing\ray_tracing\geometry.h(150): error C2371: “Vec3f”: 重定义；不同的基类型
  f:\研一下\path tracing\ray_tracing-duan\ray_tracing\ray_tracing\geometry.h(150): note: 参见“Vec3f”的声明
f:\研一下\path tracing\ray_tracing-duan\ray_tracing\ray_tracing\geometry.h(151): error C2371: “Vec3i”: 重定义；不同的基类型
  f:\研一下\path tracing\ray_tracing-duan\ray_tracing\ray_tracing\geometry.h(151): note: 参见“Vec3i”的声明
f:\研一下\path tracing\ray_tracing-duan\ray_tracing\ray_tracing\geometry.h(511): error C2953: “Matrix44”: 类模板已经定义
  f:\研一下\path tracing\ray_tracing-duan\ray_tracing\ray_tracing\geometry.h(162): note: 参见“Matrix44”的声明
f:\研一下\path tracing\ray_tracing-duan\ray_tracing\ray_tracing\geometry.h(513): error C2371: “Matrix44f”: 重定义；不同的基类型
  f:\研一下\path tracing\ray_tracing-duan\ray_tracing\ray_tracing\geometry.h(513): note: 参见“Matrix44f”的声明
f:\研一下\path tracing\ray_tracing-duan\ray_tracing\ray_tracing\materialdatastructure.h(35): error C2027: 使用了未定义类型“Vec3<float>”
  f:\研一下\path tracing\ray_tracing-duan\ray_tracing\ray_tracing\geometry.h(150): note: 参见“Vec3<float>”的声明
f:\研一下\path tracing\ray_tracing-duan\ray_tracing\ray_tracing\materialdatastructure.h(36): error C2027: 使用了未定义类型“Vec3<float>”
  f:\研一下\path tracing\ray_tracing-duan\ray_tracing\ray_tracing\geometry.h(150): note: 参见“Vec3<float>”的声明
f:\研一下\path tracing\ray_tracing-duan\ray_tracing\ray_tracing\materialdatastructure.h(36): error C2228: “.x”的左边必须有类/结构/联合
f:\研一下\path tracing\ray_tracing-duan\ray_tracing\ray_tracing\materialdatastructure.h(36): error C2228: “.y”的左边必须有类/结构/联合
f:\研一下\path tracing\ray_tracing-duan\ray_tracing\ray_tracing\materialdatastructure.h(36): error C2228: “.z”的左边必须有类/结构/联合
f:\研一下\path tracing\ray_tracing-duan\ray_tracing\ray_tracing\materialdatastructure.h(39): error C2027: 使用了未定义类型“Vec3<float>”
  f:\研一下\path tracing\ray_tracing-duan\ray_tracing\ray_tracing\geometry.h(150): note: 参见“Vec3<float>”的声明
f:\研一下\path tracing\ray_tracing-duan\ray_tracing\ray_tracing\materialdatastructure.h(39): error C2228: “.x”的左边必须有类/结构/联合
f:\研一下\path tracing\ray_tracing-duan\ray_tracing\ray_tracing\materialdatastructure.h(39): error C2228: “.y”的左边必须有类/结构/联合
f:\研一下\path tracing\ray_tracing-duan\ray_tracing\ray_tracing\materialdatastructure.h(39): error C2228: “.z”的左边必须有类/结构/联合
f:\研一下\path tracing\ray_tracing-duan\ray_tracing\ray_tracing\materialdatastructure.h(63): error C2027: 使用了未定义类型“Vec3<float>”
  f:\研一下\path tracing\ray_tracing-duan\ray_tracing\ray_tracing\geometry.h(150): note: 参见“Vec3<float>”的声明
f:\研一下\path tracing\ray_tracing-duan\ray_tracing\ray_tracing\materialdatastructure.h(64): error C2027: 使用了未定义类型“Vec3<float>”
  f:\研一下\path tracing\ray_tracing-duan\ray_tracing\ray_tracing\geometry.h(150): note: 参见“Vec3<float>”的声明
f:\研一下\path tracing\ray_tracing-duan\ray_tracing\ray_tracing\materialdatastructure.h(64): error C2228: “.x”的左边必须有类/结构/联合
f:\研一下\path tracing\ray_tracing-duan\ray_tracing\ray_tracing\materialdatastructure.h(64): error C2228: “.y”的左边必须有类/结构/联合
f:\研一下\path tracing\ray_tracing-duan\ray_tracing\ray_tracing\materialdatastructure.h(64): error C2228: “.z”的左边必须有类/结构/联合
f:\研一下\path tracing\ray_tracing-duan\ray_tracing\ray_tracing\materialdatastructure.h(67): error C2027: 使用了未定义类型“Vec3<float>”
  f:\研一下\path tracing\ray_tracing-duan\ray_tracing\ray_tracing\geometry.h(150): note: 参见“Vec3<float>”的声明
f:\研一下\path tracing\ray_tracing-duan\ray_tracing\ray_tracing\materialdatastructure.h(68): error C2027: 使用了未定义类型“Vec3<float>”
  f:\研一下\path tracing\ray_tracing-duan\ray_tracing\ray_tracing\geometry.h(150): note: 参见“Vec3<float>”的声明
f:\研一下\path tracing\ray_tracing-duan\ray_tracing\ray_tracing\materialdatastructure.h(68): error C2228: “.x”的左边必须有类/结构/联合
f:\研一下\path tracing\ray_tracing-duan\ray_tracing\ray_tracing\materialdatastructure.h(68): error C2228: “.y”的左边必须有类/结构/联合
f:\研一下\path tracing\ray_tracing-duan\ray_tracing\ray_tracing\materialdatastructure.h(68): error C2228: “.z”的左边必须有类/结构/联合
f:\研一下\path tracing\ray_tracing-duan\ray_tracing\ray_tracing\materialdatastructure.h(92): error C2027: 使用了未定义类型“Vec3<float>”
  f:\研一下\path tracing\ray_tracing-duan\ray_tracing\ray_tracing\geometry.h(150): note: 参见“Vec3<float>”的声明
f:\研一下\path tracing\ray_tracing-duan\ray_tracing\ray_tracing\materialdatastructure.h(93): error C2027: 使用了未定义类型“Vec3<float>”
  f:\研一下\path tracing\ray_tracing-duan\ray_tracing\ray_tracing\geometry.h(150): note: 参见“Vec3<float>”的声明
f:\研一下\path tracing\ray_tracing-duan\ray_tracing\ray_tracing\materialdatastructure.h(93): error C2228: “.x”的左边必须有类/结构/联合
f:\研一下\path tracing\ray_tracing-duan\ray_tracing\ray_tracing\materialdatastructure.h(93): error C2228: “.y”的左边必须有类/结构/联合
f:\研一下\path tracing\ray_tracing-duan\ray_tracing\ray_tracing\materialdatastructure.h(93): error C2228: “.z”的左边必须有类/结构/联合
f:\研一下\path tracing\ray_tracing-duan\ray_tracing\ray_tracing\materialdatastructure.h(96): error C2027: 使用了未定义类型“Vec3<float>”
  f:\研一下\path tracing\ray_tracing-duan\ray_tracing\ray_tracing\geometry.h(150): note: 参见“Vec3<float>”的声明
f:\研一下\path tracing\ray_tracing-duan\ray_tracing\ray_tracing\materialdatastructure.h(97): error C2027: 使用了未定义类型“Vec3<float>”
  f:\研一下\path tracing\ray_tracing-duan\ray_tracing\ray_tracing\geometry.h(150): note: 参见“Vec3<float>”的声明
f:\研一下\path tracing\ray_tracing-duan\ray_tracing\ray_tracing\materialdatastructure.h(97): error C2228: “.x”的左边必须有类/结构/联合
f:\研一下\path tracing\ray_tracing-duan\ray_tracing\ray_tracing\materialdatastructure.h(97): error C2228: “.y”的左边必须有类/结构/联合
f:\研一下\path tracing\ray_tracing-duan\ray_tracing\ray_tracing\materialdatastructure.h(97): error C2228: “.z”的左边必须有类/结构/联合
f:\研一下\path tracing\ray_tracing-duan\ray_tracing\ray_tracing\geometry.h(61): error C2953: “Vec2”: 类模板已经定义
  f:\研一下\path tracing\ray_tracing-duan\ray_tracing\ray_tracing\geometry.h(38): note: 参见“Vec2”的声明
f:\研一下\path tracing\ray_tracing-duan\ray_tracing\ray_tracing\geometry.h(63): error C2371: “Vec2f”: 重定义；不同的基类型
  f:\研一下\path tracing\ray_tracing-duan\ray_tracing\ray_tracing\geometry.h(63): note: 参见“Vec2f”的声明
f:\研一下\path tracing\ray_tracing-duan\ray_tracing\ray_tracing\geometry.h(64): error C2371: “Vec2i”: 重定义；不同的基类型
  f:\研一下\path tracing\ray_tracing-duan\ray_tracing\ray_tracing\geometry.h(64): note: 参见“Vec2i”的声明
f:\研一下\path tracing\ray_tracing-duan\ray_tracing\ray_tracing\geometry.h(144): error C2953: “Vec3”: 类模板已经定义
  f:\研一下\path tracing\ray_tracing-duan\ray_tracing\ray_tracing\geometry.h(76): note: 参见“Vec3”的声明
f:\研一下\path tracing\ray_tracing-duan\ray_tracing\ray_tracing\geometry.h(150): error C2371: “Vec3f”: 重定义；不同的基类型
  f:\研一下\path tracing\ray_tracing-duan\ray_tracing\ray_tracing\geometry.h(150): note: 参见“Vec3f”的声明
f:\研一下\path tracing\ray_tracing-duan\ray_tracing\ray_tracing\geometry.h(151): error C2371: “Vec3i”: 重定义；不同的基类型
  f:\研一下\path tracing\ray_tracing-duan\ray_tracing\ray_tracing\geometry.h(151): note: 参见“Vec3i”的声明
f:\研一下\path tracing\ray_tracing-duan\ray_tracing\ray_tracing\geometry.h(511): error C2953: “Matrix44”: 类模板已经定义
  f:\研一下\path tracing\ray_tracing-duan\ray_tracing\ray_tracing\geometry.h(162): note: 参见“Matrix44”的声明
f:\研一下\path tracing\ray_tracing-duan\ray_tracing\ray_tracing\geometry.h(513): error C2371: “Matrix44f”: 重定义；不同的基类型
  f:\研一下\path tracing\ray_tracing-duan\ray_tracing\ray_tracing\geometry.h(513): note: 参见“Matrix44f”的声明
f:\研一下\path tracing\ray_tracing-duan\ray_tracing\ray_tracing\constant.h(10): warning C4305: “初始化”: 从“double”到“float”截断
f:\研一下\path tracing\ray_tracing-duan\ray_tracing\ray_tracing\constant.h(11): error C2027: 使用了未定义类型“Vec3<float>”
  f:\研一下\path tracing\ray_tracing-duan\ray_tracing\ray_tracing\geometry.h(150): note: 参见“Vec3<float>”的声明
  f:\研一下\path tracing\ray_tracing-duan\ray_tracing\ray_tracing\geometry.h(150): note: 参见“Vec3<float>”的声明
f:\研一下\path tracing\ray_tracing-duan\ray_tracing\ray_tracing\geometry.h(61): error C2953: “Vec2”: 类模板已经定义
  f:\研一下\path tracing\ray_tracing-duan\ray_tracing\ray_tracing\geometry.h(38): note: 参见“Vec2”的声明
f:\研一下\path tracing\ray_tracing-duan\ray_tracing\ray_tracing\geometry.h(63): error C2371: “Vec2f”: 重定义；不同的基类型
  f:\研一下\path tracing\ray_tracing-duan\ray_tracing\ray_tracing\geometry.h(63): note: 参见“Vec2f”的声明
f:\研一下\path tracing\ray_tracing-duan\ray_tracing\ray_tracing\geometry.h(64): error C2371: “Vec2i”: 重定义；不同的基类型
  f:\研一下\path tracing\ray_tracing-duan\ray_tracing\ray_tracing\geometry.h(64): note: 参见“Vec2i”的声明
f:\研一下\path tracing\ray_tracing-duan\ray_tracing\ray_tracing\geometry.h(144): error C2953: “Vec3”: 类模板已经定义
  f:\研一下\path tracing\ray_tracing-duan\ray_tracing\ray_tracing\geometry.h(76): note: 参见“Vec3”的声明
f:\研一下\path tracing\ray_tracing-duan\ray_tracing\ray_tracing\geometry.h(150): error C2371: “Vec3f”: 重定义；不同的基类型
  f:\研一下\path tracing\ray_tracing-duan\ray_tracing\ray_tracing\geometry.h(150): note: 参见“Vec3f”的声明
f:\研一下\path tracing\ray_tracing-duan\ray_tracing\ray_tracing\geometry.h(151): error C2371: “Vec3i”: 重定义；不同的基类型
  f:\研一下\path tracing\ray_tracing-duan\ray_tracing\ray_tracing\geometry.h(151): note: 参见“Vec3i”的声明
f:\研一下\path tracing\ray_tracing-duan\ray_tracing\ray_tracing\geometry.h(511): error C2953: “Matrix44”: 类模板已经定义
  f:\研一下\path tracing\ray_tracing-duan\ray_tracing\ray_tracing\geometry.h(162): note: 参见“Matrix44”的声明
f:\研一下\path tracing\ray_tracing-duan\ray_tracing\ray_tracing\geometry.h(513): error C2371: “Matrix44f”: 重定义；不同的基类型
  f:\研一下\path tracing\ray_tracing-duan\ray_tracing\ray_tracing\geometry.h(513): note: 参见“Matrix44f”的声明
f:\研一下\path tracing\ray_tracing-duan\ray_tracing\ray_tracing\aabb.h(12): error C2148: 数组的总大小不得超过 0x7fffffff 字节
f:\研一下\path tracing\ray_tracing-duan\ray_tracing\ray_tracing\aabb.h(12): error C2079: “AABBox::bounds”使用未定义的 class“Vec3<float>”
f:\研一下\path tracing\ray_tracing-duan\ray_tracing\ray_tracing\aabb.h(76): warning C4624: “AABBox”: 已将析构函数隐式定义为“已删除”
f:\研一下\path tracing\ray_tracing-duan\ray_tracing\ray_tracing\aabb.h(15): error C2512: “Vec3<float>”: 没有合适的默认构造函数可用
  f:\研一下\path tracing\ray_tracing-duan\ray_tracing\ray_tracing\geometry.h(150): note: 参见“Vec3<float>”的声明
f:\研一下\path tracing\ray_tracing-duan\ray_tracing\ray_tracing\aabb.h(16): error C2027: 使用了未定义类型“Vec3<float>”
  f:\研一下\path tracing\ray_tracing-duan\ray_tracing\ray_tracing\geometry.h(150): note: 参见“Vec3<float>”的声明
  f:\研一下\path tracing\ray_tracing-duan\ray_tracing\ray_tracing\geometry.h(150): note: 参见“Vec3<float>”的声明
f:\研一下\path tracing\ray_tracing-duan\ray_tracing\ray_tracing\aabb.h(17): error C2027: 使用了未定义类型“Vec3<float>”
  f:\研一下\path tracing\ray_tracing-duan\ray_tracing\ray_tracing\geometry.h(150): note: 参见“Vec3<float>”的声明
  f:\研一下\path tracing\ray_tracing-duan\ray_tracing\ray_tracing\geometry.h(150): note: 参见“Vec3<float>”的声明
f:\研一下\path tracing\ray_tracing-duan\ray_tracing\ray_tracing\aabb.h(19): error C2512: “Vec3<float>”: 没有合适的默认构造函数可用
  f:\研一下\path tracing\ray_tracing-duan\ray_tracing\ray_tracing\geometry.h(150): note: 参见“Vec3<float>”的声明
f:\研一下\path tracing\ray_tracing-duan\ray_tracing\ray_tracing\aabb.h(19): error C2582: “operator =”函数在“Vec3<float>”中不可用
f:\研一下\path tracing\ray_tracing-duan\ray_tracing\ray_tracing\aabb.h(23): error C2079: “invdir”使用未定义的 class“Vec3<float>”
f:\研一下\path tracing\ray_tracing-duan\ray_tracing\ray_tracing\aabb.h(23): error C2677: 二进制“/”: 没有找到接受“const Vec3f”类型的全局运算符(或没有可接受的转换)
f:\研一下\path tracing\ray_tracing-duan\ray_tracing\ray_tracing\aabb.h(25): error C2228: “.x”的左边必须有类/结构/联合
  f:\研一下\path tracing\ray_tracing-duan\ray_tracing\ray_tracing\aabb.h(25): note: 类型是“int”
f:\研一下\path tracing\ray_tracing-duan\ray_tracing\ray_tracing\aabb.h(26): error C2228: “.y”的左边必须有类/结构/联合
  f:\研一下\path tracing\ray_tracing-duan\ray_tracing\ray_tracing\aabb.h(26): note: 类型是“int”
f:\研一下\path tracing\ray_tracing-duan\ray_tracing\ray_tracing\aabb.h(27): error C2228: “.z”的左边必须有类/结构/联合
  f:\研一下\path tracing\ray_tracing-duan\ray_tracing\ray_tracing\aabb.h(27): note: 类型是“int”
f:\研一下\path tracing\ray_tracing-duan\ray_tracing\ray_tracing\aabb.h(31): error C2027: 使用了未定义类型“Vec3<float>”
  f:\研一下\path tracing\ray_tracing-duan\ray_tracing\ray_tracing\geometry.h(150): note: 参见“Vec3<float>”的声明
f:\研一下\path tracing\ray_tracing-duan\ray_tracing\ray_tracing\aabb.h(31): error C2228: “.x”的左边必须有类/结构/联合
f:\研一下\path tracing\ray_tracing-duan\ray_tracing\ray_tracing\aabb.h(32): error C2027: 使用了未定义类型“Vec3<float>”
  f:\研一下\path tracing\ray_tracing-duan\ray_tracing\ray_tracing\geometry.h(150): note: 参见“Vec3<float>”的声明
f:\研一下\path tracing\ray_tracing-duan\ray_tracing\ray_tracing\aabb.h(32): error C2228: “.x”的左边必须有类/结构/联合
f:\研一下\path tracing\ray_tracing-duan\ray_tracing\ray_tracing\aabb.h(33): error C2027: 使用了未定义类型“Vec3<float>”
  f:\研一下\path tracing\ray_tracing-duan\ray_tracing\ray_tracing\geometry.h(150): note: 参见“Vec3<float>”的声明
f:\研一下\path tracing\ray_tracing-duan\ray_tracing\ray_tracing\aabb.h(33): error C2228: “.y”的左边必须有类/结构/联合
f:\研一下\path tracing\ray_tracing-duan\ray_tracing\ray_tracing\aabb.h(34): error C2027: 使用了未定义类型“Vec3<float>”
  f:\研一下\path tracing\ray_tracing-duan\ray_tracing\ray_tracing\geometry.h(150): note: 参见“Vec3<float>”的声明
f:\研一下\path tracing\ray_tracing-duan\ray_tracing\ray_tracing\aabb.h(34): error C2228: “.y”的左边必须有类/结构/联合
f:\研一下\path tracing\ray_tracing-duan\ray_tracing\ray_tracing\aabb.h(44): error C2027: 使用了未定义类型“Vec3<float>”
  f:\研一下\path tracing\ray_tracing-duan\ray_tracing\ray_tracing\geometry.h(150): note: 参见“Vec3<float>”的声明
f:\研一下\path tracing\ray_tracing-duan\ray_tracing\ray_tracing\aabb.h(44): error C2228: “.z”的左边必须有类/结构/联合
f:\研一下\path tracing\ray_tracing-duan\ray_tracing\ray_tracing\aabb.h(45): error C2027: 使用了未定义类型“Vec3<float>”
  f:\研一下\path tracing\ray_tracing-duan\ray_tracing\ray_tracing\geometry.h(150): note: 参见“Vec3<float>”的声明
f:\研一下\path tracing\ray_tracing-duan\ray_tracing\ray_tracing\aabb.h(45): error C2228: “.z”的左边必须有类/结构/联合
f:\研一下\path tracing\ray_tracing-duan\ray_tracing\ray_tracing\aabb.h(68): error C2027: 使用了未定义类型“Vec3<float>”
  f:\研一下\path tracing\ray_tracing-duan\ray_tracing\ray_tracing\geometry.h(150): note: 参见“Vec3<float>”的声明
f:\研一下\path tracing\ray_tracing-duan\ray_tracing\ray_tracing\aabb.h(68): error C2228: “.x”的左边必须有类/结构/联合
f:\研一下\path tracing\ray_tracing-duan\ray_tracing\ray_tracing\aabb.h(69): error C2027: 使用了未定义类型“Vec3<float>”
  f:\研一下\path tracing\ray_tracing-duan\ray_tracing\ray_tracing\geometry.h(150): note: 参见“Vec3<float>”的声明
f:\研一下\path tracing\ray_tracing-duan\ray_tracing\ray_tracing\aabb.h(69): error C2228: “.y”的左边必须有类/结构/联合
f:\研一下\path tracing\ray_tracing-duan\ray_tracing\ray_tracing\aabb.h(70): error C2027: 使用了未定义类型“Vec3<float>”
  f:\研一下\path tracing\ray_tracing-duan\ray_tracing\ray_tracing\geometry.h(150): note: 参见“Vec3<float>”的声明
f:\研一下\path tracing\ray_tracing-duan\ray_tracing\ray_tracing\aabb.h(70): error C2228: “.z”的左边必须有类/结构/联合
f:\研一下\path tracing\ray_tracing-duan\ray_tracing\ray_tracing\aabb.h(72): error C2027: 使用了未定义类型“Vec3<float>”
  f:\研一下\path tracing\ray_tracing-duan\ray_tracing\ray_tracing\geometry.h(150): note: 参见“Vec3<float>”的声明
f:\研一下\path tracing\ray_tracing-duan\ray_tracing\ray_tracing\aabb.h(72): error C2228: “.x”的左边必须有类/结构/联合
f:\研一下\path tracing\ray_tracing-duan\ray_tracing\ray_tracing\aabb.h(73): error C2027: 使用了未定义类型“Vec3<float>”
  f:\研一下\path tracing\ray_tracing-duan\ray_tracing\ray_tracing\geometry.h(150): note: 参见“Vec3<float>”的声明
f:\研一下\path tracing\ray_tracing-duan\ray_tracing\ray_tracing\aabb.h(73): error C2228: “.y”的左边必须有类/结构/联合
f:\研一下\path tracing\ray_tracing-duan\ray_tracing\ray_tracing\aabb.h(74): error C2027: 使用了未定义类型“Vec3<float>”
  f:\研一下\path tracing\ray_tracing-duan\ray_tracing\ray_tracing\geometry.h(150): note: 参见“Vec3<float>”的声明
f:\研一下\path tracing\ray_tracing-duan\ray_tracing\ray_tracing\aabb.h(74): error C2228: “.z”的左边必须有类/结构/联合
f:\研一下\path tracing\ray_tracing-duan\ray_tracing\ray_tracing\object.h(42): warning C4624: “Object”: 已将析构函数隐式定义为“已删除”
f:\研一下\path tracing\ray_tracing-duan\ray_tracing\ray_tracing\object.h(41): error C2036: “Vec3f *”: 未知的大小
f:\研一下\path tracing\ray_tracing-duan\ray_tracing\ray_tracing\multiobjects.h(52): warning C4624: “MultiObjects”: 已将析构函数隐式定义为“已删除”
f:\研一下\path tracing\ray_tracing-duan\ray_tracing\ray_tracing\multiobjects.h(27): error C2079: “UV”使用未定义的 class“Vec2<float>”
f:\研一下\path tracing\ray_tracing-duan\ray_tracing\ray_tracing\multiobjects.h(28): warning C4018: “<”: 有符号/无符号不匹配
f:\研一下\path tracing\ray_tracing-duan\ray_tracing\ray_tracing\multiobjects.h(31): error C2664: “bool Object::intersect(const Vec3f &,const Vec3f &,float &,int,Vec2f &,Object &)”: 无法将参数 5 从“int”转换为“Vec2f &”
f:\研一下\path tracing\ray_tracing-duan\ray_tracing\ray_tracing\multiobjects.h(35): error C2027: 使用了未定义类型“Vec2<float>”
  f:\研一下\path tracing\ray_tracing-duan\ray_tracing\ray_tracing\geometry.h(63): note: 参见“Vec2<float>”的声明
f:\研一下\path tracing\ray_tracing-duan\ray_tracing\ray_tracing\multiobjects.h(35): error C2228: “.x”的左边必须有类/结构/联合
f:\研一下\path tracing\ray_tracing-duan\ray_tracing\ray_tracing\multiobjects.h(36): error C2027: 使用了未定义类型“Vec2<float>”
  f:\研一下\path tracing\ray_tracing-duan\ray_tracing\ray_tracing\geometry.h(63): note: 参见“Vec2<float>”的声明
f:\研一下\path tracing\ray_tracing-duan\ray_tracing\ray_tracing\multiobjects.h(36): error C2228: “.y”的左边必须有类/结构/联合
f:\研一下\path tracing\ray_tracing-duan\ray_tracing\ray_tracing\geometry.h(61): error C2953: “Vec2”: 类模板已经定义
  f:\研一下\path tracing\ray_tracing-duan\ray_tracing\ray_tracing\geometry.h(38): note: 参见“Vec2”的声明
f:\研一下\path tracing\ray_tracing-duan\ray_tracing\ray_tracing\geometry.h(63): error C2371: “Vec2f”: 重定义；不同的基类型
  f:\研一下\path tracing\ray_tracing-duan\ray_tracing\ray_tracing\geometry.h(63): note: 参见“Vec2f”的声明
f:\研一下\path tracing\ray_tracing-duan\ray_tracing\ray_tracing\geometry.h(64): error C2371: “Vec2i”: 重定义；不同的基类型
  f:\研一下\path tracing\ray_tracing-duan\ray_tracing\ray_tracing\geometry.h(64): note: 参见“Vec2i”的声明
f:\研一下\path tracing\ray_tracing-duan\ray_tracing\ray_tracing\geometry.h(144): error C2953: “Vec3”: 类模板已经定义
  f:\研一下\path tracing\ray_tracing-duan\ray_tracing\ray_tracing\geometry.h(76): note: 参见“Vec3”的声明
f:\研一下\path tracing\ray_tracing-duan\ray_tracing\ray_tracing\geometry.h(144): fatal error C1003: 错误计数超过 100；正在停止编译
  Triangle.cpp
f:\研一下\path tracing\ray_tracing-duan\ray_tracing\ray_tracing\geometry.h(61): error C2953: “Vec2”: 类模板已经定义
  f:\研一下\path tracing\ray_tracing-duan\ray_tracing\ray_tracing\geometry.h(38): note: 参见“Vec2”的声明
f:\研一下\path tracing\ray_tracing-duan\ray_tracing\ray_tracing\geometry.h(63): error C2371: “Vec2f”: 重定义；不同的基类型
  f:\研一下\path tracing\ray_tracing-duan\ray_tracing\ray_tracing\geometry.h(63): note: 参见“Vec2f”的声明
f:\研一下\path tracing\ray_tracing-duan\ray_tracing\ray_tracing\geometry.h(64): error C2371: “Vec2i”: 重定义；不同的基类型
  f:\研一下\path tracing\ray_tracing-duan\ray_tracing\ray_tracing\geometry.h(64): note: 参见“Vec2i”的声明
f:\研一下\path tracing\ray_tracing-duan\ray_tracing\ray_tracing\geometry.h(144): error C2953: “Vec3”: 类模板已经定义
  f:\研一下\path tracing\ray_tracing-duan\ray_tracing\ray_tracing\geometry.h(76): note: 参见“Vec3”的声明
f:\研一下\path tracing\ray_tracing-duan\ray_tracing\ray_tracing\geometry.h(150): error C2371: “Vec3f”: 重定义；不同的基类型
  f:\研一下\path tracing\ray_tracing-duan\ray_tracing\ray_tracing\geometry.h(150): note: 参见“Vec3f”的声明
f:\研一下\path tracing\ray_tracing-duan\ray_tracing\ray_tracing\geometry.h(151): error C2371: “Vec3i”: 重定义；不同的基类型
  f:\研一下\path tracing\ray_tracing-duan\ray_tracing\ray_tracing\geometry.h(151): note: 参见“Vec3i”的声明
f:\研一下\path tracing\ray_tracing-duan\ray_tracing\ray_tracing\geometry.h(511): error C2953: “Matrix44”: 类模板已经定义
  f:\研一下\path tracing\ray_tracing-duan\ray_tracing\ray_tracing\geometry.h(162): note: 参见“Matrix44”的声明
f:\研一下\path tracing\ray_tracing-duan\ray_tracing\ray_tracing\geometry.h(513): error C2371: “Matrix44f”: 重定义；不同的基类型
  f:\研一下\path tracing\ray_tracing-duan\ray_tracing\ray_tracing\geometry.h(513): note: 参见“Matrix44f”的声明
f:\研一下\path tracing\ray_tracing-duan\ray_tracing\ray_tracing\constant.h(10): warning C4305: “初始化”: 从“double”到“float”截断
f:\研一下\path tracing\ray_tracing-duan\ray_tracing\ray_tracing\constant.h(11): error C2027: 使用了未定义类型“Vec3<float>”
  f:\研一下\path tracing\ray_tracing-duan\ray_tracing\ray_tracing\geometry.h(150): note: 参见“Vec3<float>”的声明
  f:\研一下\path tracing\ray_tracing-duan\ray_tracing\ray_tracing\geometry.h(150): note: 参见“Vec3<float>”的声明
f:\研一下\path tracing\ray_tracing-duan\ray_tracing\ray_tracing\geometry.h(61): error C2953: “Vec2”: 类模板已经定义
  f:\研一下\path tracing\ray_tracing-duan\ray_tracing\ray_tracing\geometry.h(38): note: 参见“Vec2”的声明
f:\研一下\path tracing\ray_tracing-duan\ray_tracing\ray_tracing\geometry.h(63): error C2371: “Vec2f”: 重定义；不同的基类型
  f:\研一下\path tracing\ray_tracing-duan\ray_tracing\ray_tracing\geometry.h(63): note: 参见“Vec2f”的声明
f:\研一下\path tracing\ray_tracing-duan\ray_tracing\ray_tracing\geometry.h(64): error C2371: “Vec2i”: 重定义；不同的基类型
  f:\研一下\path tracing\ray_tracing-duan\ray_tracing\ray_tracing\geometry.h(64): note: 参见“Vec2i”的声明
f:\研一下\path tracing\ray_tracing-duan\ray_tracing\ray_tracing\geometry.h(144): error C2953: “Vec3”: 类模板已经定义
  f:\研一下\path tracing\ray_tracing-duan\ray_tracing\ray_tracing\geometry.h(76): note: 参见“Vec3”的声明
f:\研一下\path tracing\ray_tracing-duan\ray_tracing\ray_tracing\geometry.h(150): error C2371: “Vec3f”: 重定义；不同的基类型
  f:\研一下\path tracing\ray_tracing-duan\ray_tracing\ray_tracing\geometry.h(150): note: 参见“Vec3f”的声明
f:\研一下\path tracing\ray_tracing-duan\ray_tracing\ray_tracing\geometry.h(151): error C2371: “Vec3i”: 重定义；不同的基类型
  f:\研一下\path tracing\ray_tracing-duan\ray_tracing\ray_tracing\geometry.h(151): note: 参见“Vec3i”的声明
f:\研一下\path tracing\ray_tracing-duan\ray_tracing\ray_tracing\geometry.h(511): error C2953: “Matrix44”: 类模板已经定义
  f:\研一下\path tracing\ray_tracing-duan\ray_tracing\ray_tracing\geometry.h(162): note: 参见“Matrix44”的声明
f:\研一下\path tracing\ray_tracing-duan\ray_tracing\ray_tracing\geometry.h(513): error C2371: “Matrix44f”: 重定义；不同的基类型
  f:\研一下\path tracing\ray_tracing-duan\ray_tracing\ray_tracing\geometry.h(513): note: 参见“Matrix44f”的声明
f:\研一下\path tracing\ray_tracing-duan\ray_tracing\ray_tracing\aabb.h(12): error C2148: 数组的总大小不得超过 0x7fffffff 字节
f:\研一下\path tracing\ray_tracing-duan\ray_tracing\ray_tracing\aabb.h(12): error C2079: “AABBox::bounds”使用未定义的 class“Vec3<float>”
f:\研一下\path tracing\ray_tracing-duan\ray_tracing\ray_tracing\aabb.h(76): warning C4624: “AABBox”: 已将析构函数隐式定义为“已删除”
f:\研一下\path tracing\ray_tracing-duan\ray_tracing\ray_tracing\aabb.h(15): error C2512: “Vec3<float>”: 没有合适的默认构造函数可用
  f:\研一下\path tracing\ray_tracing-duan\ray_tracing\ray_tracing\geometry.h(150): note: 参见“Vec3<float>”的声明
f:\研一下\path tracing\ray_tracing-duan\ray_tracing\ray_tracing\aabb.h(16): error C2027: 使用了未定义类型“Vec3<float>”
  f:\研一下\path tracing\ray_tracing-duan\ray_tracing\ray_tracing\geometry.h(150): note: 参见“Vec3<float>”的声明
  f:\研一下\path tracing\ray_tracing-duan\ray_tracing\ray_tracing\geometry.h(150): note: 参见“Vec3<float>”的声明
f:\研一下\path tracing\ray_tracing-duan\ray_tracing\ray_tracing\aabb.h(17): error C2027: 使用了未定义类型“Vec3<float>”
  f:\研一下\path tracing\ray_tracing-duan\ray_tracing\ray_tracing\geometry.h(150): note: 参见“Vec3<float>”的声明
  f:\研一下\path tracing\ray_tracing-duan\ray_tracing\ray_tracing\geometry.h(150): note: 参见“Vec3<float>”的声明
f:\研一下\path tracing\ray_tracing-duan\ray_tracing\ray_tracing\aabb.h(19): error C2512: “Vec3<float>”: 没有合适的默认构造函数可用
  f:\研一下\path tracing\ray_tracing-duan\ray_tracing\ray_tracing\geometry.h(150): note: 参见“Vec3<float>”的声明
f:\研一下\path tracing\ray_tracing-duan\ray_tracing\ray_tracing\aabb.h(19): error C2582: “operator =”函数在“Vec3<float>”中不可用
f:\研一下\path tracing\ray_tracing-duan\ray_tracing\ray_tracing\aabb.h(23): error C2079: “invdir”使用未定义的 class“Vec3<float>”
f:\研一下\path tracing\ray_tracing-duan\ray_tracing\ray_tracing\aabb.h(23): error C2677: 二进制“/”: 没有找到接受“const Vec3f”类型的全局运算符(或没有可接受的转换)
f:\研一下\path tracing\ray_tracing-duan\ray_tracing\ray_tracing\aabb.h(25): error C2228: “.x”的左边必须有类/结构/联合
  f:\研一下\path tracing\ray_tracing-duan\ray_tracing\ray_tracing\aabb.h(25): note: 类型是“int”
f:\研一下\path tracing\ray_tracing-duan\ray_tracing\ray_tracing\aabb.h(26): error C2228: “.y”的左边必须有类/结构/联合
  f:\研一下\path tracing\ray_tracing-duan\ray_tracing\ray_tracing\aabb.h(26): note: 类型是“int”
f:\研一下\path tracing\ray_tracing-duan\ray_tracing\ray_tracing\aabb.h(27): error C2228: “.z”的左边必须有类/结构/联合
  f:\研一下\path tracing\ray_tracing-duan\ray_tracing\ray_tracing\aabb.h(27): note: 类型是“int”
f:\研一下\path tracing\ray_tracing-duan\ray_tracing\ray_tracing\aabb.h(31): error C2027: 使用了未定义类型“Vec3<float>”
  f:\研一下\path tracing\ray_tracing-duan\ray_tracing\ray_tracing\geometry.h(150): note: 参见“Vec3<float>”的声明
f:\研一下\path tracing\ray_tracing-duan\ray_tracing\ray_tracing\aabb.h(31): error C2228: “.x”的左边必须有类/结构/联合
f:\研一下\path tracing\ray_tracing-duan\ray_tracing\ray_tracing\aabb.h(32): error C2027: 使用了未定义类型“Vec3<float>”
  f:\研一下\path tracing\ray_tracing-duan\ray_tracing\ray_tracing\geometry.h(150): note: 参见“Vec3<float>”的声明
f:\研一下\path tracing\ray_tracing-duan\ray_tracing\ray_tracing\aabb.h(32): error C2228: “.x”的左边必须有类/结构/联合
f:\研一下\path tracing\ray_tracing-duan\ray_tracing\ray_tracing\aabb.h(33): error C2027: 使用了未定义类型“Vec3<float>”
  f:\研一下\path tracing\ray_tracing-duan\ray_tracing\ray_tracing\geometry.h(150): note: 参见“Vec3<float>”的声明
f:\研一下\path tracing\ray_tracing-duan\ray_tracing\ray_tracing\aabb.h(33): error C2228: “.y”的左边必须有类/结构/联合
f:\研一下\path tracing\ray_tracing-duan\ray_tracing\ray_tracing\aabb.h(34): error C2027: 使用了未定义类型“Vec3<float>”
  f:\研一下\path tracing\ray_tracing-duan\ray_tracing\ray_tracing\geometry.h(150): note: 参见“Vec3<float>”的声明
f:\研一下\path tracing\ray_tracing-duan\ray_tracing\ray_tracing\aabb.h(34): error C2228: “.y”的左边必须有类/结构/联合
f:\研一下\path tracing\ray_tracing-duan\ray_tracing\ray_tracing\aabb.h(44): error C2027: 使用了未定义类型“Vec3<float>”
  f:\研一下\path tracing\ray_tracing-duan\ray_tracing\ray_tracing\geometry.h(150): note: 参见“Vec3<float>”的声明
f:\研一下\path tracing\ray_tracing-duan\ray_tracing\ray_tracing\aabb.h(44): error C2228: “.z”的左边必须有类/结构/联合
f:\研一下\path tracing\ray_tracing-duan\ray_tracing\ray_tracing\aabb.h(45): error C2027: 使用了未定义类型“Vec3<float>”
  f:\研一下\path tracing\ray_tracing-duan\ray_tracing\ray_tracing\geometry.h(150): note: 参见“Vec3<float>”的声明
f:\研一下\path tracing\ray_tracing-duan\ray_tracing\ray_tracing\aabb.h(45): error C2228: “.z”的左边必须有类/结构/联合
f:\研一下\path tracing\ray_tracing-duan\ray_tracing\ray_tracing\aabb.h(68): error C2027: 使用了未定义类型“Vec3<float>”
  f:\研一下\path tracing\ray_tracing-duan\ray_tracing\ray_tracing\geometry.h(150): note: 参见“Vec3<float>”的声明
f:\研一下\path tracing\ray_tracing-duan\ray_tracing\ray_tracing\aabb.h(68): error C2228: “.x”的左边必须有类/结构/联合
f:\研一下\path tracing\ray_tracing-duan\ray_tracing\ray_tracing\aabb.h(69): error C2027: 使用了未定义类型“Vec3<float>”
  f:\研一下\path tracing\ray_tracing-duan\ray_tracing\ray_tracing\geometry.h(150): note: 参见“Vec3<float>”的声明
f:\研一下\path tracing\ray_tracing-duan\ray_tracing\ray_tracing\aabb.h(69): error C2228: “.y”的左边必须有类/结构/联合
f:\研一下\path tracing\ray_tracing-duan\ray_tracing\ray_tracing\aabb.h(70): error C2027: 使用了未定义类型“Vec3<float>”
  f:\研一下\path tracing\ray_tracing-duan\ray_tracing\ray_tracing\geometry.h(150): note: 参见“Vec3<float>”的声明
f:\研一下\path tracing\ray_tracing-duan\ray_tracing\ray_tracing\aabb.h(70): error C2228: “.z”的左边必须有类/结构/联合
f:\研一下\path tracing\ray_tracing-duan\ray_tracing\ray_tracing\aabb.h(72): error C2027: 使用了未定义类型“Vec3<float>”
  f:\研一下\path tracing\ray_tracing-duan\ray_tracing\ray_tracing\geometry.h(150): note: 参见“Vec3<float>”的声明
f:\研一下\path tracing\ray_tracing-duan\ray_tracing\ray_tracing\aabb.h(72): error C2228: “.x”的左边必须有类/结构/联合
f:\研一下\path tracing\ray_tracing-duan\ray_tracing\ray_tracing\aabb.h(73): error C2027: 使用了未定义类型“Vec3<float>”
  f:\研一下\path tracing\ray_tracing-duan\ray_tracing\ray_tracing\geometry.h(150): note: 参见“Vec3<float>”的声明
f:\研一下\path tracing\ray_tracing-duan\ray_tracing\ray_tracing\aabb.h(73): error C2228: “.y”的左边必须有类/结构/联合
f:\研一下\path tracing\ray_tracing-duan\ray_tracing\ray_tracing\aabb.h(74): error C2027: 使用了未定义类型“Vec3<float>”
  f:\研一下\path tracing\ray_tracing-duan\ray_tracing\ray_tracing\geometry.h(150): note: 参见“Vec3<float>”的声明
f:\研一下\path tracing\ray_tracing-duan\ray_tracing\ray_tracing\aabb.h(74): error C2228: “.z”的左边必须有类/结构/联合
f:\研一下\path tracing\ray_tracing-duan\ray_tracing\ray_tracing\triangle.h(11): error C2148: 数组的总大小不得超过 0x7fffffff 字节
f:\研一下\path tracing\ray_tracing-duan\ray_tracing\ray_tracing\triangle.h(11): error C2079: “Triangle::v”使用未定义的 class“Vec3<float>”
f:\研一下\path tracing\ray_tracing-duan\ray_tracing\ray_tracing\triangle.h(12): error C2148: 数组的总大小不得超过 0x7fffffff 字节
f:\研一下\path tracing\ray_tracing-duan\ray_tracing\ray_tracing\triangle.h(12): error C2079: “Triangle::vn”使用未定义的 class“Vec3<float>”
f:\研一下\path tracing\ray_tracing-duan\ray_tracing\ray_tracing\triangle.h(13): error C2148: 数组的总大小不得超过 0x7fffffff 字节
f:\研一下\path tracing\ray_tracing-duan\ray_tracing\ray_tracing\triangle.h(13): error C2079: “Triangle::vt”使用未定义的 class“Vec2<float>”
f:\研一下\path tracing\ray_tracing-duan\ray_tracing\ray_tracing\triangle.h(14): error C2079: “Triangle::normal”使用未定义的 class“Vec3<float>”
f:\研一下\path tracing\ray_tracing-duan\ray_tracing\ray_tracing\triangle.h(56): warning C4624: “Triangle”: 已将析构函数隐式定义为“已删除”
f:\研一下\path tracing\ray_tracing-duan\ray_tracing\ray_tracing\triangle.h(31): error C2027: 使用了未定义类型“Vec3<float>”
  f:\研一下\path tracing\ray_tracing-duan\ray_tracing\ray_tracing\geometry.h(150): note: 参见“Vec3<float>”的声明
f:\研一下\path tracing\ray_tracing-duan\ray_tracing\ray_tracing\triangle.h(31): error C2228: “.x”的左边必须有类/结构/联合
f:\研一下\path tracing\ray_tracing-duan\ray_tracing\ray_tracing\triangle.h(32): error C2027: 使用了未定义类型“Vec3<float>”
  f:\研一下\path tracing\ray_tracing-duan\ray_tracing\ray_tracing\geometry.h(150): note: 参见“Vec3<float>”的声明
f:\研一下\path tracing\ray_tracing-duan\ray_tracing\ray_tracing\triangle.h(32): error C2228: “.y”的左边必须有类/结构/联合
f:\研一下\path tracing\ray_tracing-duan\ray_tracing\ray_tracing\triangle.h(33): error C2027: 使用了未定义类型“Vec3<float>”
  f:\研一下\path tracing\ray_tracing-duan\ray_tracing\ray_tracing\geometry.h(150): note: 参见“Vec3<float>”的声明
f:\研一下\path tracing\ray_tracing-duan\ray_tracing\ray_tracing\triangle.h(33): error C2228: “.z”的左边必须有类/结构/联合
f:\研一下\path tracing\ray_tracing-duan\ray_tracing\ray_tracing\triangle.h(40): error C2027: 使用了未定义类型“Vec3<float>”
  f:\研一下\path tracing\ray_tracing-duan\ray_tracing\ray_tracing\geometry.h(150): note: 参见“Vec3<float>”的声明
f:\研一下\path tracing\ray_tracing-duan\ray_tracing\ray_tracing\triangle.h(40): error C2228: “.x”的左边必须有类/结构/联合
f:\研一下\path tracing\ray_tracing-duan\ray_tracing\ray_tracing\triangle.h(41): error C2027: 使用了未定义类型“Vec3<float>”
  f:\研一下\path tracing\ray_tracing-duan\ray_tracing\ray_tracing\geometry.h(150): note: 参见“Vec3<float>”的声明
f:\研一下\path tracing\ray_tracing-duan\ray_tracing\ray_tracing\triangle.h(41): error C2228: “.y”的左边必须有类/结构/联合
f:\研一下\path tracing\ray_tracing-duan\ray_tracing\ray_tracing\triangle.h(42): error C2027: 使用了未定义类型“Vec3<float>”
  f:\研一下\path tracing\ray_tracing-duan\ray_tracing\ray_tracing\geometry.h(150): note: 参见“Vec3<float>”的声明
f:\研一下\path tracing\ray_tracing-duan\ray_tracing\ray_tracing\triangle.h(42): error C2228: “.z”的左边必须有类/结构/联合
f:\研一下\path tracing\ray_tracing-duan\ray_tracing\ray_tracing\triangle.h(49): error C2027: 使用了未定义类型“Vec2<float>”
  f:\研一下\path tracing\ray_tracing-duan\ray_tracing\ray_tracing\geometry.h(63): note: 参见“Vec2<float>”的声明
f:\研一下\path tracing\ray_tracing-duan\ray_tracing\ray_tracing\triangle.h(49): error C2228: “.x”的左边必须有类/结构/联合
f:\研一下\path tracing\ray_tracing-duan\ray_tracing\ray_tracing\triangle.h(50): error C2027: 使用了未定义类型“Vec2<float>”
  f:\研一下\path tracing\ray_tracing-duan\ray_tracing\ray_tracing\geometry.h(63): note: 参见“Vec2<float>”的声明
f:\研一下\path tracing\ray_tracing-duan\ray_tracing\ray_tracing\triangle.h(50): error C2228: “.y”的左边必须有类/结构/联合
f:\研一下\path tracing\ray_tracing-duan\ray_tracing\ray_tracing\triangle.cpp(4): error C2512: “Vec3<float>”: 没有合适的默认构造函数可用
  f:\研一下\path tracing\ray_tracing-duan\ray_tracing\ray_tracing\geometry.h(150): note: 参见“Vec3<float>”的声明
f:\研一下\path tracing\ray_tracing-duan\ray_tracing\ray_tracing\triangle.cpp(4): error C2512: “Vec2<float>”: 没有合适的默认构造函数可用
  f:\研一下\path tracing\ray_tracing-duan\ray_tracing\ray_tracing\geometry.h(63): note: 参见“Vec2<float>”的声明
f:\研一下\path tracing\ray_tracing-duan\ray_tracing\ray_tracing\triangle.cpp(16): error C2664: “bool Triangle::setV(Vec3f,int)”: 无法将参数 1 从“Vec3<float>”转换为“Vec3f”
  f:\研一下\path tracing\ray_tracing-duan\ray_tracing\ray_tracing\triangle.cpp(16): note: 未定义类型 "Vec3<float>" 的使用
  f:\研一下\path tracing\ray_tracing-duan\ray_tracing\ray_tracing\geometry.h(150): note: 参见“Vec3<float>”的声明
f:\研一下\path tracing\ray_tracing-duan\ray_tracing\ray_tracing\triangle.cpp(17): error C2664: “bool Triangle::setVn(Vec3f,int)”: 无法将参数 1 从“Vec3<float>”转换为“Vec3f”
  f:\研一下\path tracing\ray_tracing-duan\ray_tracing\ray_tracing\triangle.cpp(17): note: 未定义类型 "Vec3<float>" 的使用
  f:\研一下\path tracing\ray_tracing-duan\ray_tracing\ray_tracing\geometry.h(150): note: 参见“Vec3<float>”的声明
f:\研一下\path tracing\ray_tracing-duan\ray_tracing\ray_tracing\triangle.cpp(18): error C2664: “bool Triangle::setVt(Vec2f,int)”: 无法将参数 1 从“Vec2<float>”转换为“Vec2f”
  f:\研一下\path tracing\ray_tracing-duan\ray_tracing\ray_tracing\triangle.cpp(18): note: 未定义类型 "Vec2<float>" 的使用
  f:\研一下\path tracing\ray_tracing-duan\ray_tracing\ray_tracing\geometry.h(63): note: 参见“Vec2<float>”的声明
f:\研一下\path tracing\ray_tracing-duan\ray_tracing\ray_tracing\triangle.cpp(25): error C2784: “unknown-type std::operator -(std::move_iterator<_RanIt> &,const std::move_iterator<_RanIt2> &)”: 未能从“Vec3f”为“std::move_iterator<_RanIt> &”推导 模板 参数
  d:\programming tools\microsoft visual studio 14.0\vc\include\xutility(2203): note: 参见“std::operator -”的声明
f:\研一下\path tracing\ray_tracing-duan\ray_tracing\ray_tracing\triangle.cpp(25): error C2784: “unknown-type std::operator -(const std::reverse_iterator<_RanIt> &,const std::reverse_iterator<_RanIt2> &)”: 未能从“Vec3f”为“const std::reverse_iterator<_RanIt> &”推导 模板 参数
  d:\programming tools\microsoft visual studio 14.0\vc\include\xutility(1289): note: 参见“std::operator -”的声明
f:\研一下\path tracing\ray_tracing-duan\ray_tracing\ray_tracing\triangle.cpp(25): error C2676: 二进制“-”:“Vec3f”不定义该运算符或到预定义运算符可接收的类型的转换
f:\研一下\path tracing\ray_tracing-duan\ray_tracing\ray_tracing\triangle.cpp(25): error C2228: “.crossProduct”的左边必须有类/结构/联合
f:\研一下\path tracing\ray_tracing-duan\ray_tracing\ray_tracing\triangle.cpp(25): error C2088: “-”: 对于 class 非法
f:\研一下\path tracing\ray_tracing-duan\ray_tracing\ray_tracing\triangle.cpp(26): error C2228: “.normalize”的左边必须有类/结构/联合
  f:\研一下\path tracing\ray_tracing-duan\ray_tracing\ray_tracing\triangle.cpp(26): note: 类型是“int”
f:\研一下\path tracing\ray_tracing-duan\ray_tracing\ray_tracing\triangle.cpp(39): error C2582: “operator =”函数在“Vec3<float>”中不可用
f:\研一下\path tracing\ray_tracing-duan\ray_tracing\ray_tracing\triangle.cpp(56): error C2027: 使用了未定义类型“Vec2<float>”
  f:\研一下\path tracing\ray_tracing-duan\ray_tracing\ray_tracing\geometry.h(63): note: 参见“Vec2<float>”的声明
f:\研一下\path tracing\ray_tracing-duan\ray_tracing\ray_tracing\triangle.cpp(56): error C2228: “.x”的左边必须有类/结构/联合
f:\研一下\path tracing\ray_tracing-duan\ray_tracing\ray_tracing\triangle.cpp(56): error C2228: “.y”的左边必须有类/结构/联合
f:\研一下\path tracing\ray_tracing-duan\ray_tracing\ray_tracing\triangle.cpp(58): error C2027: 使用了未定义类型“Vec2<float>”
  f:\研一下\path tracing\ray_tracing-duan\ray_tracing\ray_tracing\geometry.h(63): note: 参见“Vec2<float>”的声明
f:\研一下\path tracing\ray_tracing-duan\ray_tracing\ray_tracing\triangle.cpp(58): error C2228: “.x”的左边必须有类/结构/联合
f:\研一下\path tracing\ray_tracing-duan\ray_tracing\ray_tracing\triangle.cpp(58): error C2228: “.y”的左边必须有类/结构/联合
f:\研一下\path tracing\ray_tracing-duan\ray_tracing\ray_tracing\triangle.cpp(71): error C2079: “v0v1”使用未定义的 class“Vec3<float>”
f:\研一下\path tracing\ray_tracing-duan\ray_tracing\ray_tracing\triangle.cpp(71): error C2784: “unknown-type std::operator -(std::move_iterator<_RanIt> &,const std::move_iterator<_RanIt2> &)”: 未能从“Vec3f”为“std::move_iterator<_RanIt> &”推导 模板 参数
  d:\programming tools\microsoft visual studio 14.0\vc\include\xutility(2203): note: 参见“std::operator -”的声明
f:\研一下\path tracing\ray_tracing-duan\ray_tracing\ray_tracing\triangle.cpp(71): error C2784: “unknown-type std::operator -(const std::reverse_iterator<_RanIt> &,const std::reverse_iterator<_RanIt2> &)”: 未能从“Vec3f”为“const std::reverse_iterator<_RanIt> &”推导 模板 参数
  d:\programming tools\microsoft visual studio 14.0\vc\include\xutility(1289): note: 参见“std::operator -”的声明
f:\研一下\path tracing\ray_tracing-duan\ray_tracing\ray_tracing\triangle.cpp(71): error C2676: 二进制“-”:“Vec3f”不定义该运算符或到预定义运算符可接收的类型的转换
f:\研一下\path tracing\ray_tracing-duan\ray_tracing\ray_tracing\triangle.cpp(72): error C2079: “v0v2”使用未定义的 class“Vec3<float>”
f:\研一下\path tracing\ray_tracing-duan\ray_tracing\ray_tracing\triangle.cpp(72): error C2784: “unknown-type std::operator -(std::move_iterator<_RanIt> &,const std::move_iterator<_RanIt2> &)”: 未能从“Vec3f”为“std::move_iterator<_RanIt> &”推导 模板 参数
  d:\programming tools\microsoft visual studio 14.0\vc\include\xutility(2203): note: 参见“std::operator -”的声明
f:\研一下\path tracing\ray_tracing-duan\ray_tracing\ray_tracing\triangle.cpp(72): error C2784: “unknown-type std::operator -(const std::reverse_iterator<_RanIt> &,const std::reverse_iterator<_RanIt2> &)”: 未能从“Vec3f”为“const std::reverse_iterator<_RanIt> &”推导 模板 参数
  d:\programming tools\microsoft visual studio 14.0\vc\include\xutility(1289): note: 参见“std::operator -”的声明
f:\研一下\path tracing\ray_tracing-duan\ray_tracing\ray_tracing\triangle.cpp(72): fatal error C1003: 错误计数超过 100；正在停止编译
  PathTracing.cpp
  main.cpp
f:\研一下\path tracing\ray_tracing-duan\ray_tracing\ray_tracing\geometry.h(61): error C2953: “Vec2”: 类模板已经定义
  f:\研一下\path tracing\ray_tracing-duan\ray_tracing\ray_tracing\geometry.h(38): note: 参见“Vec2”的声明
f:\研一下\path tracing\ray_tracing-duan\ray_tracing\ray_tracing\geometry.h(63): error C2371: “Vec2f”: 重定义；不同的基类型
  f:\研一下\path tracing\ray_tracing-duan\ray_tracing\ray_tracing\geometry.h(63): note: 参见“Vec2f”的声明
f:\研一下\path tracing\ray_tracing-duan\ray_tracing\ray_tracing\geometry.h(64): error C2371: “Vec2i”: 重定义；不同的基类型
  f:\研一下\path tracing\ray_tracing-duan\ray_tracing\ray_tracing\geometry.h(64): note: 参见“Vec2i”的声明
f:\研一下\path tracing\ray_tracing-duan\ray_tracing\ray_tracing\geometry.h(144): error C2953: “Vec3”: 类模板已经定义
  f:\研一下\path tracing\ray_tracing-duan\ray_tracing\ray_tracing\geometry.h(76): note: 参见“Vec3”的声明
f:\研一下\path tracing\ray_tracing-duan\ray_tracing\ray_tracing\geometry.h(150): error C2371: “Vec3f”: 重定义；不同的基类型
  f:\研一下\path tracing\ray_tracing-duan\ray_tracing\ray_tracing\geometry.h(150): note: 参见“Vec3f”的声明
f:\研一下\path tracing\ray_tracing-duan\ray_tracing\ray_tracing\geometry.h(151): error C2371: “Vec3i”: 重定义；不同的基类型
  f:\研一下\path tracing\ray_tracing-duan\ray_tracing\ray_tracing\geometry.h(151): note: 参见“Vec3i”的声明
f:\研一下\path tracing\ray_tracing-duan\ray_tracing\ray_tracing\geometry.h(511): error C2953: “Matrix44”: 类模板已经定义
  f:\研一下\path tracing\ray_tracing-duan\ray_tracing\ray_tracing\geometry.h(162): note: 参见“Matrix44”的声明
f:\研一下\path tracing\ray_tracing-duan\ray_tracing\ray_tracing\geometry.h(513): error C2371: “Matrix44f”: 重定义；不同的基类型
  f:\研一下\path tracing\ray_tracing-duan\ray_tracing\ray_tracing\geometry.h(513): note: 参见“Matrix44f”的声明
f:\研一下\path tracing\ray_tracing-duan\ray_tracing\ray_tracing\constant.h(10): warning C4305: “初始化”: 从“double”到“float”截断
f:\研一下\path tracing\ray_tracing-duan\ray_tracing\ray_tracing\constant.h(11): error C2027: 使用了未定义类型“Vec3<float>”
  f:\研一下\path tracing\ray_tracing-duan\ray_tracing\ray_tracing\geometry.h(150): note: 参见“Vec3<float>”的声明
  f:\研一下\path tracing\ray_tracing-duan\ray_tracing\ray_tracing\geometry.h(150): note: 参见“Vec3<float>”的声明
f:\研一下\path tracing\ray_tracing-duan\ray_tracing\ray_tracing\geometry.h(61): error C2953: “Vec2”: 类模板已经定义
  f:\研一下\path tracing\ray_tracing-duan\ray_tracing\ray_tracing\geometry.h(38): note: 参见“Vec2”的声明
f:\研一下\path tracing\ray_tracing-duan\ray_tracing\ray_tracing\geometry.h(63): error C2371: “Vec2f”: 重定义；不同的基类型
  f:\研一下\path tracing\ray_tracing-duan\ray_tracing\ray_tracing\geometry.h(63): note: 参见“Vec2f”的声明
f:\研一下\path tracing\ray_tracing-duan\ray_tracing\ray_tracing\geometry.h(64): error C2371: “Vec2i”: 重定义；不同的基类型
  f:\研一下\path tracing\ray_tracing-duan\ray_tracing\ray_tracing\geometry.h(64): note: 参见“Vec2i”的声明
f:\研一下\path tracing\ray_tracing-duan\ray_tracing\ray_tracing\geometry.h(144): error C2953: “Vec3”: 类模板已经定义
  f:\研一下\path tracing\ray_tracing-duan\ray_tracing\ray_tracing\geometry.h(76): note: 参见“Vec3”的声明
f:\研一下\path tracing\ray_tracing-duan\ray_tracing\ray_tracing\geometry.h(150): error C2371: “Vec3f”: 重定义；不同的基类型
  f:\研一下\path tracing\ray_tracing-duan\ray_tracing\ray_tracing\geometry.h(150): note: 参见“Vec3f”的声明
f:\研一下\path tracing\ray_tracing-duan\ray_tracing\ray_tracing\geometry.h(151): error C2371: “Vec3i”: 重定义；不同的基类型
  f:\研一下\path tracing\ray_tracing-duan\ray_tracing\ray_tracing\geometry.h(151): note: 参见“Vec3i”的声明
f:\研一下\path tracing\ray_tracing-duan\ray_tracing\ray_tracing\geometry.h(511): error C2953: “Matrix44”: 类模板已经定义
  f:\研一下\path tracing\ray_tracing-duan\ray_tracing\ray_tracing\geometry.h(162): note: 参见“Matrix44”的声明
f:\研一下\path tracing\ray_tracing-duan\ray_tracing\ray_tracing\geometry.h(513): error C2371: “Matrix44f”: 重定义；不同的基类型
  f:\研一下\path tracing\ray_tracing-duan\ray_tracing\ray_tracing\geometry.h(513): note: 参见“Matrix44f”的声明
f:\研一下\path tracing\ray_tracing-duan\ray_tracing\ray_tracing\materialdatastructure.h(35): error C2027: 使用了未定义类型“Vec3<float>”
  f:\研一下\path tracing\ray_tracing-duan\ray_tracing\ray_tracing\geometry.h(150): note: 参见“Vec3<float>”的声明
f:\研一下\path tracing\ray_tracing-duan\ray_tracing\ray_tracing\materialdatastructure.h(36): error C2027: 使用了未定义类型“Vec3<float>”
  f:\研一下\path tracing\ray_tracing-duan\ray_tracing\ray_tracing\geometry.h(150): note: 参见“Vec3<float>”的声明
f:\研一下\path tracing\ray_tracing-duan\ray_tracing\ray_tracing\materialdatastructure.h(36): error C2228: “.x”的左边必须有类/结构/联合
f:\研一下\path tracing\ray_tracing-duan\ray_tracing\ray_tracing\materialdatastructure.h(36): error C2228: “.y”的左边必须有类/结构/联合
f:\研一下\path tracing\ray_tracing-duan\ray_tracing\ray_tracing\materialdatastructure.h(36): error C2228: “.z”的左边必须有类/结构/联合
f:\研一下\path tracing\ray_tracing-duan\ray_tracing\ray_tracing\materialdatastructure.h(39): error C2027: 使用了未定义类型“Vec3<float>”
  f:\研一下\path tracing\ray_tracing-duan\ray_tracing\ray_tracing\geometry.h(150): note: 参见“Vec3<float>”的声明
f:\研一下\path tracing\ray_tracing-duan\ray_tracing\ray_tracing\materialdatastructure.h(39): error C2228: “.x”的左边必须有类/结构/联合
f:\研一下\path tracing\ray_tracing-duan\ray_tracing\ray_tracing\materialdatastructure.h(39): error C2228: “.y”的左边必须有类/结构/联合
f:\研一下\path tracing\ray_tracing-duan\ray_tracing\ray_tracing\materialdatastructure.h(39): error C2228: “.z”的左边必须有类/结构/联合
f:\研一下\path tracing\ray_tracing-duan\ray_tracing\ray_tracing\materialdatastructure.h(63): error C2027: 使用了未定义类型“Vec3<float>”
  f:\研一下\path tracing\ray_tracing-duan\ray_tracing\ray_tracing\geometry.h(150): note: 参见“Vec3<float>”的声明
f:\研一下\path tracing\ray_tracing-duan\ray_tracing\ray_tracing\materialdatastructure.h(64): error C2027: 使用了未定义类型“Vec3<float>”
  f:\研一下\path tracing\ray_tracing-duan\ray_tracing\ray_tracing\geometry.h(150): note: 参见“Vec3<float>”的声明
f:\研一下\path tracing\ray_tracing-duan\ray_tracing\ray_tracing\materialdatastructure.h(64): error C2228: “.x”的左边必须有类/结构/联合
f:\研一下\path tracing\ray_tracing-duan\ray_tracing\ray_tracing\materialdatastructure.h(64): error C2228: “.y”的左边必须有类/结构/联合
f:\研一下\path tracing\ray_tracing-duan\ray_tracing\ray_tracing\materialdatastructure.h(64): error C2228: “.z”的左边必须有类/结构/联合
f:\研一下\path tracing\ray_tracing-duan\ray_tracing\ray_tracing\materialdatastructure.h(67): error C2027: 使用了未定义类型“Vec3<float>”
  f:\研一下\path tracing\ray_tracing-duan\ray_tracing\ray_tracing\geometry.h(150): note: 参见“Vec3<float>”的声明
f:\研一下\path tracing\ray_tracing-duan\ray_tracing\ray_tracing\materialdatastructure.h(68): error C2027: 使用了未定义类型“Vec3<float>”
  f:\研一下\path tracing\ray_tracing-duan\ray_tracing\ray_tracing\geometry.h(150): note: 参见“Vec3<float>”的声明
f:\研一下\path tracing\ray_tracing-duan\ray_tracing\ray_tracing\materialdatastructure.h(68): error C2228: “.x”的左边必须有类/结构/联合
f:\研一下\path tracing\ray_tracing-duan\ray_tracing\ray_tracing\materialdatastructure.h(68): error C2228: “.y”的左边必须有类/结构/联合
f:\研一下\path tracing\ray_tracing-duan\ray_tracing\ray_tracing\materialdatastructure.h(68): error C2228: “.z”的左边必须有类/结构/联合
f:\研一下\path tracing\ray_tracing-duan\ray_tracing\ray_tracing\materialdatastructure.h(92): error C2027: 使用了未定义类型“Vec3<float>”
  f:\研一下\path tracing\ray_tracing-duan\ray_tracing\ray_tracing\geometry.h(150): note: 参见“Vec3<float>”的声明
f:\研一下\path tracing\ray_tracing-duan\ray_tracing\ray_tracing\materialdatastructure.h(93): error C2027: 使用了未定义类型“Vec3<float>”
  f:\研一下\path tracing\ray_tracing-duan\ray_tracing\ray_tracing\geometry.h(150): note: 参见“Vec3<float>”的声明
f:\研一下\path tracing\ray_tracing-duan\ray_tracing\ray_tracing\materialdatastructure.h(93): error C2228: “.x”的左边必须有类/结构/联合
f:\研一下\path tracing\ray_tracing-duan\ray_tracing\ray_tracing\materialdatastructure.h(93): error C2228: “.y”的左边必须有类/结构/联合
f:\研一下\path tracing\ray_tracing-duan\ray_tracing\ray_tracing\materialdatastructure.h(93): error C2228: “.z”的左边必须有类/结构/联合
f:\研一下\path tracing\ray_tracing-duan\ray_tracing\ray_tracing\materialdatastructure.h(96): error C2027: 使用了未定义类型“Vec3<float>”
  f:\研一下\path tracing\ray_tracing-duan\ray_tracing\ray_tracing\geometry.h(150): note: 参见“Vec3<float>”的声明
f:\研一下\path tracing\ray_tracing-duan\ray_tracing\ray_tracing\materialdatastructure.h(97): error C2027: 使用了未定义类型“Vec3<float>”
  f:\研一下\path tracing\ray_tracing-duan\ray_tracing\ray_tracing\geometry.h(150): note: 参见“Vec3<float>”的声明
f:\研一下\path tracing\ray_tracing-duan\ray_tracing\ray_tracing\materialdatastructure.h(97): error C2228: “.x”的左边必须有类/结构/联合
f:\研一下\path tracing\ray_tracing-duan\ray_tracing\ray_tracing\materialdatastructure.h(97): error C2228: “.y”的左边必须有类/结构/联合
f:\研一下\path tracing\ray_tracing-duan\ray_tracing\ray_tracing\materialdatastructure.h(97): error C2228: “.z”的左边必须有类/结构/联合
f:\研一下\path tracing\ray_tracing-duan\ray_tracing\ray_tracing\geometry.h(61): error C2953: “Vec2”: 类模板已经定义
  f:\研一下\path tracing\ray_tracing-duan\ray_tracing\ray_tracing\geometry.h(38): note: 参见“Vec2”的声明
f:\研一下\path tracing\ray_tracing-duan\ray_tracing\ray_tracing\geometry.h(63): error C2371: “Vec2f”: 重定义；不同的基类型
  f:\研一下\path tracing\ray_tracing-duan\ray_tracing\ray_tracing\geometry.h(63): note: 参见“Vec2f”的声明
f:\研一下\path tracing\ray_tracing-duan\ray_tracing\ray_tracing\geometry.h(64): error C2371: “Vec2i”: 重定义；不同的基类型
  f:\研一下\path tracing\ray_tracing-duan\ray_tracing\ray_tracing\geometry.h(64): note: 参见“Vec2i”的声明
f:\研一下\path tracing\ray_tracing-duan\ray_tracing\ray_tracing\geometry.h(144): error C2953: “Vec3”: 类模板已经定义
  f:\研一下\path tracing\ray_tracing-duan\ray_tracing\ray_tracing\geometry.h(76): note: 参见“Vec3”的声明
f:\研一下\path tracing\ray_tracing-duan\ray_tracing\ray_tracing\geometry.h(150): error C2371: “Vec3f”: 重定义；不同的基类型
  f:\研一下\path tracing\ray_tracing-duan\ray_tracing\ray_tracing\geometry.h(150): note: 参见“Vec3f”的声明
f:\研一下\path tracing\ray_tracing-duan\ray_tracing\ray_tracing\geometry.h(151): error C2371: “Vec3i”: 重定义；不同的基类型
  f:\研一下\path tracing\ray_tracing-duan\ray_tracing\ray_tracing\geometry.h(151): note: 参见“Vec3i”的声明
f:\研一下\path tracing\ray_tracing-duan\ray_tracing\ray_tracing\geometry.h(511): error C2953: “Matrix44”: 类模板已经定义
  f:\研一下\path tracing\ray_tracing-duan\ray_tracing\ray_tracing\geometry.h(162): note: 参见“Matrix44”的声明
f:\研一下\path tracing\ray_tracing-duan\ray_tracing\ray_tracing\geometry.h(513): error C2371: “Matrix44f”: 重定义；不同的基类型
  f:\研一下\path tracing\ray_tracing-duan\ray_tracing\ray_tracing\geometry.h(513): note: 参见“Matrix44f”的声明
f:\研一下\path tracing\ray_tracing-duan\ray_tracing\ray_tracing\geometry.h(61): error C2953: “Vec2”: 类模板已经定义
  f:\研一下\path tracing\ray_tracing-duan\ray_tracing\ray_tracing\geometry.h(38): note: 参见“Vec2”的声明
f:\研一下\path tracing\ray_tracing-duan\ray_tracing\ray_tracing\geometry.h(63): error C2371: “Vec2f”: 重定义；不同的基类型
  f:\研一下\path tracing\ray_tracing-duan\ray_tracing\ray_tracing\geometry.h(63): note: 参见“Vec2f”的声明
f:\研一下\path tracing\ray_tracing-duan\ray_tracing\ray_tracing\geometry.h(64): error C2371: “Vec2i”: 重定义；不同的基类型
  f:\研一下\path tracing\ray_tracing-duan\ray_tracing\ray_tracing\geometry.h(64): note: 参见“Vec2i”的声明
f:\研一下\path tracing\ray_tracing-duan\ray_tracing\ray_tracing\geometry.h(144): error C2953: “Vec3”: 类模板已经定义
  f:\研一下\path tracing\ray_tracing-duan\ray_tracing\ray_tracing\geometry.h(76): note: 参见“Vec3”的声明
f:\研一下\path tracing\ray_tracing-duan\ray_tracing\ray_tracing\geometry.h(150): error C2371: “Vec3f”: 重定义；不同的基类型
  f:\研一下\path tracing\ray_tracing-duan\ray_tracing\ray_tracing\geometry.h(150): note: 参见“Vec3f”的声明
f:\研一下\path tracing\ray_tracing-duan\ray_tracing\ray_tracing\geometry.h(151): error C2371: “Vec3i”: 重定义；不同的基类型
  f:\研一下\path tracing\ray_tracing-duan\ray_tracing\ray_tracing\geometry.h(151): note: 参见“Vec3i”的声明
f:\研一下\path tracing\ray_tracing-duan\ray_tracing\ray_tracing\geometry.h(511): error C2953: “Matrix44”: 类模板已经定义
  f:\研一下\path tracing\ray_tracing-duan\ray_tracing\ray_tracing\geometry.h(162): note: 参见“Matrix44”的声明
f:\研一下\path tracing\ray_tracing-duan\ray_tracing\ray_tracing\geometry.h(513): error C2371: “Matrix44f”: 重定义；不同的基类型
  f:\研一下\path tracing\ray_tracing-duan\ray_tracing\ray_tracing\geometry.h(513): note: 参见“Matrix44f”的声明
f:\研一下\path tracing\ray_tracing-duan\ray_tracing\ray_tracing\aabb.h(12): error C2148: 数组的总大小不得超过 0x7fffffff 字节
f:\研一下\path tracing\ray_tracing-duan\ray_tracing\ray_tracing\aabb.h(12): error C2079: “AABBox::bounds”使用未定义的 class“Vec3<float>”
f:\研一下\path tracing\ray_tracing-duan\ray_tracing\ray_tracing\aabb.h(76): warning C4624: “AABBox”: 已将析构函数隐式定义为“已删除”
f:\研一下\path tracing\ray_tracing-duan\ray_tracing\ray_tracing\aabb.h(15): error C2512: “Vec3<float>”: 没有合适的默认构造函数可用
  f:\研一下\path tracing\ray_tracing-duan\ray_tracing\ray_tracing\geometry.h(150): note: 参见“Vec3<float>”的声明
f:\研一下\path tracing\ray_tracing-duan\ray_tracing\ray_tracing\aabb.h(16): error C2027: 使用了未定义类型“Vec3<float>”
  f:\研一下\path tracing\ray_tracing-duan\ray_tracing\ray_tracing\geometry.h(150): note: 参见“Vec3<float>”的声明
  f:\研一下\path tracing\ray_tracing-duan\ray_tracing\ray_tracing\geometry.h(150): note: 参见“Vec3<float>”的声明
f:\研一下\path tracing\ray_tracing-duan\ray_tracing\ray_tracing\aabb.h(17): error C2027: 使用了未定义类型“Vec3<float>”
  f:\研一下\path tracing\ray_tracing-duan\ray_tracing\ray_tracing\geometry.h(150): note: 参见“Vec3<float>”的声明
  f:\研一下\path tracing\ray_tracing-duan\ray_tracing\ray_tracing\geometry.h(150): note: 参见“Vec3<float>”的声明
f:\研一下\path tracing\ray_tracing-duan\ray_tracing\ray_tracing\aabb.h(19): error C2512: “Vec3<float>”: 没有合适的默认构造函数可用
  f:\研一下\path tracing\ray_tracing-duan\ray_tracing\ray_tracing\geometry.h(150): note: 参见“Vec3<float>”的声明
f:\研一下\path tracing\ray_tracing-duan\ray_tracing\ray_tracing\aabb.h(19): error C2582: “operator =”函数在“Vec3<float>”中不可用
f:\研一下\path tracing\ray_tracing-duan\ray_tracing\ray_tracing\aabb.h(23): error C2079: “invdir”使用未定义的 class“Vec3<float>”
f:\研一下\path tracing\ray_tracing-duan\ray_tracing\ray_tracing\aabb.h(23): error C2677: 二进制“/”: 没有找到接受“const Vec3f”类型的全局运算符(或没有可接受的转换)
f:\研一下\path tracing\ray_tracing-duan\ray_tracing\ray_tracing\aabb.h(25): error C2228: “.x”的左边必须有类/结构/联合
  f:\研一下\path tracing\ray_tracing-duan\ray_tracing\ray_tracing\aabb.h(25): note: 类型是“int”
f:\研一下\path tracing\ray_tracing-duan\ray_tracing\ray_tracing\aabb.h(26): error C2228: “.y”的左边必须有类/结构/联合
  f:\研一下\path tracing\ray_tracing-duan\ray_tracing\ray_tracing\aabb.h(26): note: 类型是“int”
f:\研一下\path tracing\ray_tracing-duan\ray_tracing\ray_tracing\aabb.h(27): error C2228: “.z”的左边必须有类/结构/联合
  f:\研一下\path tracing\ray_tracing-duan\ray_tracing\ray_tracing\aabb.h(27): note: 类型是“int”
f:\研一下\path tracing\ray_tracing-duan\ray_tracing\ray_tracing\aabb.h(31): error C2027: 使用了未定义类型“Vec3<float>”
  f:\研一下\path tracing\ray_tracing-duan\ray_tracing\ray_tracing\geometry.h(150): note: 参见“Vec3<float>”的声明
f:\研一下\path tracing\ray_tracing-duan\ray_tracing\ray_tracing\aabb.h(31): error C2228: “.x”的左边必须有类/结构/联合
f:\研一下\path tracing\ray_tracing-duan\ray_tracing\ray_tracing\aabb.h(32): error C2027: 使用了未定义类型“Vec3<float>”
  f:\研一下\path tracing\ray_tracing-duan\ray_tracing\ray_tracing\geometry.h(150): note: 参见“Vec3<float>”的声明
f:\研一下\path tracing\ray_tracing-duan\ray_tracing\ray_tracing\aabb.h(32): error C2228: “.x”的左边必须有类/结构/联合
f:\研一下\path tracing\ray_tracing-duan\ray_tracing\ray_tracing\aabb.h(33): error C2027: 使用了未定义类型“Vec3<float>”
  f:\研一下\path tracing\ray_tracing-duan\ray_tracing\ray_tracing\geometry.h(150): note: 参见“Vec3<float>”的声明
f:\研一下\path tracing\ray_tracing-duan\ray_tracing\ray_tracing\aabb.h(33): error C2228: “.y”的左边必须有类/结构/联合
f:\研一下\path tracing\ray_tracing-duan\ray_tracing\ray_tracing\aabb.h(34): error C2027: 使用了未定义类型“Vec3<float>”
  f:\研一下\path tracing\ray_tracing-duan\ray_tracing\ray_tracing\geometry.h(150): note: 参见“Vec3<float>”的声明
f:\研一下\path tracing\ray_tracing-duan\ray_tracing\ray_tracing\aabb.h(34): error C2228: “.y”的左边必须有类/结构/联合
f:\研一下\path tracing\ray_tracing-duan\ray_tracing\ray_tracing\aabb.h(44): error C2027: 使用了未定义类型“Vec3<float>”
  f:\研一下\path tracing\ray_tracing-duan\ray_tracing\ray_tracing\geometry.h(150): note: 参见“Vec3<float>”的声明
f:\研一下\path tracing\ray_tracing-duan\ray_tracing\ray_tracing\aabb.h(44): error C2228: “.z”的左边必须有类/结构/联合
f:\研一下\path tracing\ray_tracing-duan\ray_tracing\ray_tracing\aabb.h(45): error C2027: 使用了未定义类型“Vec3<float>”
  f:\研一下\path tracing\ray_tracing-duan\ray_tracing\ray_tracing\geometry.h(150): note: 参见“Vec3<float>”的声明
f:\研一下\path tracing\ray_tracing-duan\ray_tracing\ray_tracing\aabb.h(45): error C2228: “.z”的左边必须有类/结构/联合
f:\研一下\path tracing\ray_tracing-duan\ray_tracing\ray_tracing\aabb.h(68): error C2027: 使用了未定义类型“Vec3<float>”
  f:\研一下\path tracing\ray_tracing-duan\ray_tracing\ray_tracing\geometry.h(150): note: 参见“Vec3<float>”的声明
f:\研一下\path tracing\ray_tracing-duan\ray_tracing\ray_tracing\aabb.h(68): error C2228: “.x”的左边必须有类/结构/联合
f:\研一下\path tracing\ray_tracing-duan\ray_tracing\ray_tracing\aabb.h(69): error C2027: 使用了未定义类型“Vec3<float>”
  f:\研一下\path tracing\ray_tracing-duan\ray_tracing\ray_tracing\geometry.h(150): note: 参见“Vec3<float>”的声明
f:\研一下\path tracing\ray_tracing-duan\ray_tracing\ray_tracing\aabb.h(69): error C2228: “.y”的左边必须有类/结构/联合
f:\研一下\path tracing\ray_tracing-duan\ray_tracing\ray_tracing\aabb.h(70): error C2027: 使用了未定义类型“Vec3<float>”
  f:\研一下\path tracing\ray_tracing-duan\ray_tracing\ray_tracing\geometry.h(150): note: 参见“Vec3<float>”的声明
f:\研一下\path tracing\ray_tracing-duan\ray_tracing\ray_tracing\aabb.h(70): error C2228: “.z”的左边必须有类/结构/联合
f:\研一下\path tracing\ray_tracing-duan\ray_tracing\ray_tracing\aabb.h(72): error C2027: 使用了未定义类型“Vec3<float>”
  f:\研一下\path tracing\ray_tracing-duan\ray_tracing\ray_tracing\geometry.h(150): note: 参见“Vec3<float>”的声明
f:\研一下\path tracing\ray_tracing-duan\ray_tracing\ray_tracing\aabb.h(72): error C2228: “.x”的左边必须有类/结构/联合
f:\研一下\path tracing\ray_tracing-duan\ray_tracing\ray_tracing\aabb.h(73): error C2027: 使用了未定义类型“Vec3<float>”
  f:\研一下\path tracing\ray_tracing-duan\ray_tracing\ray_tracing\geometry.h(150): note: 参见“Vec3<float>”的声明
f:\研一下\path tracing\ray_tracing-duan\ray_tracing\ray_tracing\aabb.h(73): error C2228: “.y”的左边必须有类/结构/联合
f:\研一下\path tracing\ray_tracing-duan\ray_tracing\ray_tracing\aabb.h(74): error C2027: 使用了未定义类型“Vec3<float>”
  f:\研一下\path tracing\ray_tracing-duan\ray_tracing\ray_tracing\geometry.h(150): note: 参见“Vec3<float>”的声明
f:\研一下\path tracing\ray_tracing-duan\ray_tracing\ray_tracing\aabb.h(74): error C2228: “.z”的左边必须有类/结构/联合
f:\研一下\path tracing\ray_tracing-duan\ray_tracing\ray_tracing\object.h(42): warning C4624: “Object”: 已将析构函数隐式定义为“已删除”
f:\研一下\path tracing\ray_tracing-duan\ray_tracing\ray_tracing\object.h(41): error C2036: “Vec3f *”: 未知的大小
f:\研一下\path tracing\ray_tracing-duan\ray_tracing\ray_tracing\multiobjects.h(52): warning C4624: “MultiObjects”: 已将析构函数隐式定义为“已删除”
f:\研一下\path tracing\ray_tracing-duan\ray_tracing\ray_tracing\multiobjects.h(27): error C2079: “UV”使用未定义的 class“Vec2<float>”
f:\研一下\path tracing\ray_tracing-duan\ray_tracing\ray_tracing\multiobjects.h(28): warning C4018: “<”: 有符号/无符号不匹配
f:\研一下\path tracing\ray_tracing-duan\ray_tracing\ray_tracing\multiobjects.h(31): error C2664: “bool Object::intersect(const Vec3f &,const Vec3f &,float &,int,Vec2f &,Object &)”: 无法将参数 5 从“int”转换为“Vec2f &”
f:\研一下\path tracing\ray_tracing-duan\ray_tracing\ray_tracing\multiobjects.h(31): fatal error C1003: 错误计数超过 100；正在停止编译
  ImageSaver.cpp
f:\研一下\path tracing\ray_tracing-duan\ray_tracing\ray_tracing\imagesaver.cpp(59): warning C4838: 从“int”转换到“unsigned char”需要收缩转换
  FileLoader.cpp
f:\研一下\path tracing\ray_tracing-duan\ray_tracing\ray_tracing\geometry.h(61): error C2953: “Vec2”: 类模板已经定义
  f:\研一下\path tracing\ray_tracing-duan\ray_tracing\ray_tracing\geometry.h(38): note: 参见“Vec2”的声明
f:\研一下\path tracing\ray_tracing-duan\ray_tracing\ray_tracing\geometry.h(63): error C2371: “Vec2f”: 重定义；不同的基类型
  f:\研一下\path tracing\ray_tracing-duan\ray_tracing\ray_tracing\geometry.h(63): note: 参见“Vec2f”的声明
f:\研一下\path tracing\ray_tracing-duan\ray_tracing\ray_tracing\geometry.h(64): error C2371: “Vec2i”: 重定义；不同的基类型
  f:\研一下\path tracing\ray_tracing-duan\ray_tracing\ray_tracing\geometry.h(64): note: 参见“Vec2i”的声明
f:\研一下\path tracing\ray_tracing-duan\ray_tracing\ray_tracing\geometry.h(144): error C2953: “Vec3”: 类模板已经定义
  f:\研一下\path tracing\ray_tracing-duan\ray_tracing\ray_tracing\geometry.h(76): note: 参见“Vec3”的声明
f:\研一下\path tracing\ray_tracing-duan\ray_tracing\ray_tracing\geometry.h(150): error C2371: “Vec3f”: 重定义；不同的基类型
  f:\研一下\path tracing\ray_tracing-duan\ray_tracing\ray_tracing\geometry.h(150): note: 参见“Vec3f”的声明
f:\研一下\path tracing\ray_tracing-duan\ray_tracing\ray_tracing\geometry.h(151): error C2371: “Vec3i”: 重定义；不同的基类型
  f:\研一下\path tracing\ray_tracing-duan\ray_tracing\ray_tracing\geometry.h(151): note: 参见“Vec3i”的声明
f:\研一下\path tracing\ray_tracing-duan\ray_tracing\ray_tracing\geometry.h(511): error C2953: “Matrix44”: 类模板已经定义
  f:\研一下\path tracing\ray_tracing-duan\ray_tracing\ray_tracing\geometry.h(162): note: 参见“Matrix44”的声明
f:\研一下\path tracing\ray_tracing-duan\ray_tracing\ray_tracing\geometry.h(513): error C2371: “Matrix44f”: 重定义；不同的基类型
  f:\研一下\path tracing\ray_tracing-duan\ray_tracing\ray_tracing\geometry.h(513): note: 参见“Matrix44f”的声明
f:\研一下\path tracing\ray_tracing-duan\ray_tracing\ray_tracing\geometry.h(61): error C2953: “Vec2”: 类模板已经定义
  f:\研一下\path tracing\ray_tracing-duan\ray_tracing\ray_tracing\geometry.h(38): note: 参见“Vec2”的声明
f:\研一下\path tracing\ray_tracing-duan\ray_tracing\ray_tracing\geometry.h(63): error C2371: “Vec2f”: 重定义；不同的基类型
  f:\研一下\path tracing\ray_tracing-duan\ray_tracing\ray_tracing\geometry.h(63): note: 参见“Vec2f”的声明
f:\研一下\path tracing\ray_tracing-duan\ray_tracing\ray_tracing\geometry.h(64): error C2371: “Vec2i”: 重定义；不同的基类型
  f:\研一下\path tracing\ray_tracing-duan\ray_tracing\ray_tracing\geometry.h(64): note: 参见“Vec2i”的声明
f:\研一下\path tracing\ray_tracing-duan\ray_tracing\ray_tracing\geometry.h(144): error C2953: “Vec3”: 类模板已经定义
  f:\研一下\path tracing\ray_tracing-duan\ray_tracing\ray_tracing\geometry.h(76): note: 参见“Vec3”的声明
f:\研一下\path tracing\ray_tracing-duan\ray_tracing\ray_tracing\geometry.h(150): error C2371: “Vec3f”: 重定义；不同的基类型
  f:\研一下\path tracing\ray_tracing-duan\ray_tracing\ray_tracing\geometry.h(150): note: 参见“Vec3f”的声明
f:\研一下\path tracing\ray_tracing-duan\ray_tracing\ray_tracing\geometry.h(151): error C2371: “Vec3i”: 重定义；不同的基类型
  f:\研一下\path tracing\ray_tracing-duan\ray_tracing\ray_tracing\geometry.h(151): note: 参见“Vec3i”的声明
f:\研一下\path tracing\ray_tracing-duan\ray_tracing\ray_tracing\geometry.h(511): error C2953: “Matrix44”: 类模板已经定义
  f:\研一下\path tracing\ray_tracing-duan\ray_tracing\ray_tracing\geometry.h(162): note: 参见“Matrix44”的声明
f:\研一下\path tracing\ray_tracing-duan\ray_tracing\ray_tracing\geometry.h(513): error C2371: “Matrix44f”: 重定义；不同的基类型
  f:\研一下\path tracing\ray_tracing-duan\ray_tracing\ray_tracing\geometry.h(513): note: 参见“Matrix44f”的声明
f:\研一下\path tracing\ray_tracing-duan\ray_tracing\ray_tracing\constant.h(10): warning C4305: “初始化”: 从“double”到“float”截断
f:\研一下\path tracing\ray_tracing-duan\ray_tracing\ray_tracing\geometry.h(61): error C2953: “Vec2”: 类模板已经定义
  f:\研一下\path tracing\ray_tracing-duan\ray_tracing\ray_tracing\geometry.h(38): note: 参见“Vec2”的声明
f:\研一下\path tracing\ray_tracing-duan\ray_tracing\ray_tracing\geometry.h(63): error C2371: “Vec2f”: 重定义；不同的基类型
  f:\研一下\path tracing\ray_tracing-duan\ray_tracing\ray_tracing\geometry.h(63): note: 参见“Vec2f”的声明
f:\研一下\path tracing\ray_tracing-duan\ray_tracing\ray_tracing\geometry.h(64): error C2371: “Vec2i”: 重定义；不同的基类型
  f:\研一下\path tracing\ray_tracing-duan\ray_tracing\ray_tracing\geometry.h(64): note: 参见“Vec2i”的声明
f:\研一下\path tracing\ray_tracing-duan\ray_tracing\ray_tracing\geometry.h(144): error C2953: “Vec3”: 类模板已经定义
  f:\研一下\path tracing\ray_tracing-duan\ray_tracing\ray_tracing\geometry.h(76): note: 参见“Vec3”的声明
f:\研一下\path tracing\ray_tracing-duan\ray_tracing\ray_tracing\geometry.h(150): error C2371: “Vec3f”: 重定义；不同的基类型
  f:\研一下\path tracing\ray_tracing-duan\ray_tracing\ray_tracing\geometry.h(150): note: 参见“Vec3f”的声明
f:\研一下\path tracing\ray_tracing-duan\ray_tracing\ray_tracing\geometry.h(151): error C2371: “Vec3i”: 重定义；不同的基类型
  f:\研一下\path tracing\ray_tracing-duan\ray_tracing\ray_tracing\geometry.h(151): note: 参见“Vec3i”的声明
f:\研一下\path tracing\ray_tracing-duan\ray_tracing\ray_tracing\geometry.h(511): error C2953: “Matrix44”: 类模板已经定义
  f:\研一下\path tracing\ray_tracing-duan\ray_tracing\ray_tracing\geometry.h(162): note: 参见“Matrix44”的声明
f:\研一下\path tracing\ray_tracing-duan\ray_tracing\ray_tracing\geometry.h(513): error C2371: “Matrix44f”: 重定义；不同的基类型
  f:\研一下\path tracing\ray_tracing-duan\ray_tracing\ray_tracing\geometry.h(513): note: 参见“Matrix44f”的声明
f:\研一下\path tracing\ray_tracing-duan\ray_tracing\ray_tracing\multiobjects.h(27): error C2079: “UV”使用未定义的 class“Vec2<float>”
f:\研一下\path tracing\ray_tracing-duan\ray_tracing\ray_tracing\multiobjects.h(28): warning C4018: “<”: 有符号/无符号不匹配
f:\研一下\path tracing\ray_tracing-duan\ray_tracing\ray_tracing\multiobjects.h(31): error C2664: “bool Object::intersect(const Vec3f &,const Vec3f &,float &,int,Vec2f &,Object &)”: 无法将参数 5 从“int”转换为“Vec2f &”
f:\研一下\path tracing\ray_tracing-duan\ray_tracing\ray_tracing\multiobjects.h(35): error C2027: 使用了未定义类型“Vec2<float>”
  f:\研一下\path tracing\ray_tracing-duan\ray_tracing\ray_tracing\geometry.h(63): note: 参见“Vec2<float>”的声明
f:\研一下\path tracing\ray_tracing-duan\ray_tracing\ray_tracing\multiobjects.h(35): error C2228: “.x”的左边必须有类/结构/联合
f:\研一下\path tracing\ray_tracing-duan\ray_tracing\ray_tracing\multiobjects.h(36): error C2027: 使用了未定义类型“Vec2<float>”
  f:\研一下\path tracing\ray_tracing-duan\ray_tracing\ray_tracing\geometry.h(63): note: 参见“Vec2<float>”的声明
f:\研一下\path tracing\ray_tracing-duan\ray_tracing\ray_tracing\multiobjects.h(36): error C2228: “.y”的左边必须有类/结构/联合
f:\研一下\path tracing\ray_tracing-duan\ray_tracing\ray_tracing\geometry.h(61): error C2953: “Vec2”: 类模板已经定义
  f:\研一下\path tracing\ray_tracing-duan\ray_tracing\ray_tracing\geometry.h(38): note: 参见“Vec2”的声明
f:\研一下\path tracing\ray_tracing-duan\ray_tracing\ray_tracing\geometry.h(63): error C2371: “Vec2f”: 重定义；不同的基类型
  f:\研一下\path tracing\ray_tracing-duan\ray_tracing\ray_tracing\geometry.h(63): note: 参见“Vec2f”的声明
f:\研一下\path tracing\ray_tracing-duan\ray_tracing\ray_tracing\geometry.h(64): error C2371: “Vec2i”: 重定义；不同的基类型
  f:\研一下\path tracing\ray_tracing-duan\ray_tracing\ray_tracing\geometry.h(64): note: 参见“Vec2i”的声明
f:\研一下\path tracing\ray_tracing-duan\ray_tracing\ray_tracing\geometry.h(144): error C2953: “Vec3”: 类模板已经定义
  f:\研一下\path tracing\ray_tracing-duan\ray_tracing\ray_tracing\geometry.h(76): note: 参见“Vec3”的声明
f:\研一下\path tracing\ray_tracing-duan\ray_tracing\ray_tracing\geometry.h(150): error C2371: “Vec3f”: 重定义；不同的基类型
  f:\研一下\path tracing\ray_tracing-duan\ray_tracing\ray_tracing\geometry.h(150): note: 参见“Vec3f”的声明
f:\研一下\path tracing\ray_tracing-duan\ray_tracing\ray_tracing\geometry.h(151): error C2371: “Vec3i”: 重定义；不同的基类型
  f:\研一下\path tracing\ray_tracing-duan\ray_tracing\ray_tracing\geometry.h(151): note: 参见“Vec3i”的声明
f:\研一下\path tracing\ray_tracing-duan\ray_tracing\ray_tracing\geometry.h(511): error C2953: “Matrix44”: 类模板已经定义
  f:\研一下\path tracing\ray_tracing-duan\ray_tracing\ray_tracing\geometry.h(162): note: 参见“Matrix44”的声明
f:\研一下\path tracing\ray_tracing-duan\ray_tracing\ray_tracing\geometry.h(513): error C2371: “Matrix44f”: 重定义；不同的基类型
  f:\研一下\path tracing\ray_tracing-duan\ray_tracing\ray_tracing\geometry.h(513): note: 参见“Matrix44f”的声明
f:\研一下\path tracing\ray_tracing-duan\ray_tracing\ray_tracing\triangle.h(13): error C2148: 数组的总大小不得超过 0x7fffffff 字节
f:\研一下\path tracing\ray_tracing-duan\ray_tracing\ray_tracing\triangle.h(13): error C2079: “Triangle::vt”使用未定义的 class“Vec2<float>”
f:\研一下\path tracing\ray_tracing-duan\ray_tracing\ray_tracing\triangle.h(56): warning C4624: “Triangle”: 已将析构函数隐式定义为“已删除”
f:\研一下\path tracing\ray_tracing-duan\ray_tracing\ray_tracing\triangle.h(49): error C2027: 使用了未定义类型“Vec2<float>”
  f:\研一下\path tracing\ray_tracing-duan\ray_tracing\ray_tracing\geometry.h(63): note: 参见“Vec2<float>”的声明
f:\研一下\path tracing\ray_tracing-duan\ray_tracing\ray_tracing\triangle.h(49): error C2228: “.x”的左边必须有类/结构/联合
f:\研一下\path tracing\ray_tracing-duan\ray_tracing\ray_tracing\triangle.h(50): error C2027: 使用了未定义类型“Vec2<float>”
  f:\研一下\path tracing\ray_tracing-duan\ray_tracing\ray_tracing\geometry.h(63): note: 参见“Vec2<float>”的声明
f:\研一下\path tracing\ray_tracing-duan\ray_tracing\ray_tracing\triangle.h(50): error C2228: “.y”的左边必须有类/结构/联合
f:\研一下\path tracing\ray_tracing-duan\ray_tracing\ray_tracing\fileloader.cpp(122): warning C4018: “<”: 有符号/无符号不匹配
f:\研一下\path tracing\ray_tracing-duan\ray_tracing\ray_tracing\fileloader.cpp(235): warning C4018: “<”: 有符号/无符号不匹配
f:\研一下\path tracing\ray_tracing-duan\ray_tracing\ray_tracing\fileloader.cpp(266): error C2079: “vertexTexture”使用未定义的 class“Vec2<float>”
f:\研一下\path tracing\ray_tracing-duan\ray_tracing\ray_tracing\fileloader.cpp(267): error C2228: “.x”的左边必须有类/结构/联合
  f:\研一下\path tracing\ray_tracing-duan\ray_tracing\ray_tracing\fileloader.cpp(267): note: 类型是“int”
f:\研一下\path tracing\ray_tracing-duan\ray_tracing\ray_tracing\fileloader.cpp(268): error C2228: “.y”的左边必须有类/结构/联合
  f:\研一下\path tracing\ray_tracing-duan\ray_tracing\ray_tracing\fileloader.cpp(268): note: 类型是“int”
f:\研一下\path tracing\ray_tracing-duan\ray_tracing\ray_tracing\fileloader.cpp(269): error C2664: “void std::vector<Vec2f,std::allocator<_Ty>>::push_back(const Vec2<float> &)”: 无法将参数 1 从“int”转换为“Vec2<float> &&”
          with
          [
              _Ty=Vec2f
          ]
  f:\研一下\path tracing\ray_tracing-duan\ray_tracing\ray_tracing\fileloader.cpp(269): note: 原因如下: 无法从“int”转换为“Vec2<float>”
  f:\研一下\path tracing\ray_tracing-duan\ray_tracing\ray_tracing\fileloader.cpp(269): note: 未定义类型 "Vec2<float>" 的使用
  f:\研一下\path tracing\ray_tracing-duan\ray_tracing\ray_tracing\geometry.h(63): note: 参见“Vec2<float>”的声明
  正在生成代码...
